c:\cpp\tetris\tetris\x64\debug\vc142.pdb
c:\cpp\tetris\tetris\x64\debug\vc142.idb
c:\cpp\tetris\tetris\x64\debug\windowmanager.obj
c:\cpp\tetris\tetris\x64\debug\textrenderer.obj
c:\cpp\tetris\tetris\x64\debug\fontloader.obj
c:\cpp\tetris\tetris\x64\debug\tetromino.obj
c:\cpp\tetris\tetris\x64\debug\tetrisgrid.obj
c:\cpp\tetris\tetris\x64\debug\shader.obj
c:\cpp\tetris\tetris\x64\debug\scorebox.obj
c:\cpp\tetris\tetris\x64\debug\playground.obj
c:\cpp\tetris\tetris\x64\debug\nexttetrominoswindow.obj
c:\cpp\tetris\tetris\x64\debug\menuobject.obj
c:\cpp\tetris\tetris\x64\debug\main.obj
c:\cpp\tetris\tetris\x64\debug\menuwindow.obj
c:\cpp\tetris\tetris\x64\debug\misc.obj
c:\cpp\tetris\tetris\x64\debug\matrixtool.obj
c:\cpp\tetris\tetris\x64\debug\game.obj
c:\cpp\tetris\tetris\x64\debug\list.obj
c:\cpp\tetris\tetris\x64\debug\glad.obj
c:\cpp\tetris\x64\debug\tetris.exe
c:\cpp\tetris\x64\debug\tetris.ilk
c:\cpp\tetris\x64\debug\tetris.pdb
c:\cpp\tetris\tetris\x64\debug\tetris.tlog\cl.command.1.tlog
c:\cpp\tetris\tetris\x64\debug\tetris.tlog\cl.read.1.tlog
c:\cpp\tetris\tetris\x64\debug\tetris.tlog\cl.write.1.tlog
c:\cpp\tetris\tetris\x64\debug\tetris.tlog\link.command.1.tlog
c:\cpp\tetris\tetris\x64\debug\tetris.tlog\link.read.1.tlog
c:\cpp\tetris\tetris\x64\debug\tetris.tlog\link.write.1.tlog
